{"D:\\GoIt\\node\\nodejs-homework-rest-api\\config\\constants.js": {"path":"D:\\GoIt\\node\\nodejs-homework-rest-api\\config\\constants.js","statementMap":{"0":{"start":{"line":1,"column":24},"end":{"line":4,"column":1}},"1":{"start":{"line":6,"column":17},"end":{"line":18,"column":1}},"2":{"start":{"line":20,"column":0},"end":{"line":23,"column":2}}},"fnMap":{},"branchMap":{},"s":{"0":1,"1":1,"2":1},"f":{},"b":{},"_coverageSchema":"1a1c01bbd47fc00a2c39e90264f33305004495a9","hash":"fa4372874de3d55256a98702b0dd89b269945923"}
,"D:\\GoIt\\node\\nodejs-homework-rest-api\\config\\dotenv-info.js": {"path":"D:\\GoIt\\node\\nodejs-homework-rest-api\\config\\dotenv-info.js","statementMap":{"0":{"start":{"line":1,"column":0},"end":{"line":1,"column":27}},"1":{"start":{"line":5,"column":0},"end":{"line":5,"column":29}}},"fnMap":{},"branchMap":{},"s":{"0":1,"1":1},"f":{},"b":{},"_coverageSchema":"1a1c01bbd47fc00a2c39e90264f33305004495a9","hash":"f0ef1312103db44dcec9f789a5a865bfb10ddfe6"}
,"D:\\GoIt\\node\\nodejs-homework-rest-api\\helpers\\guard\\guard.js": {"path":"D:\\GoIt\\node\\nodejs-homework-rest-api\\helpers\\guard\\guard.js","statementMap":{"0":{"start":{"line":1,"column":17},"end":{"line":1,"column":36}},"1":{"start":{"line":2,"column":0},"end":{"line":2,"column":29}},"2":{"start":{"line":3,"column":21},"end":{"line":3,"column":54}},"3":{"start":{"line":5,"column":14},"end":{"line":20,"column":1}},"4":{"start":{"line":6,"column":2},"end":{"line":19,"column":21}},"5":{"start":{"line":7,"column":18},"end":{"line":7,"column":57}},"6":{"start":{"line":9,"column":4},"end":{"line":15,"column":5}},"7":{"start":{"line":10,"column":6},"end":{"line":14,"column":9}},"8":{"start":{"line":16,"column":4},"end":{"line":16,"column":20}},"9":{"start":{"line":18,"column":4},"end":{"line":18,"column":18}},"10":{"start":{"line":22,"column":0},"end":{"line":22,"column":23}}},"fnMap":{"0":{"name":"(anonymous_0)","decl":{"start":{"line":5,"column":14},"end":{"line":5,"column":15}},"loc":{"start":{"line":5,"column":34},"end":{"line":20,"column":1}},"line":5},"1":{"name":"(anonymous_1)","decl":{"start":{"line":6,"column":51},"end":{"line":6,"column":52}},"loc":{"start":{"line":6,"column":66},"end":{"line":19,"column":3}},"line":6}},"branchMap":{"0":{"loc":{"start":{"line":9,"column":4},"end":{"line":15,"column":5}},"type":"if","locations":[{"start":{"line":9,"column":4},"end":{"line":15,"column":5}},{"start":{},"end":{}}],"line":9},"1":{"loc":{"start":{"line":9,"column":8},"end":{"line":9,"column":44}},"type":"binary-expr","locations":[{"start":{"line":9,"column":8},"end":{"line":9,"column":13}},{"start":{"line":9,"column":17},"end":{"line":9,"column":20}},{"start":{"line":9,"column":24},"end":{"line":9,"column":44}}],"line":9}},"s":{"0":1,"1":1,"2":1,"3":1,"4":3,"5":3,"6":3,"7":2,"8":1,"9":1,"10":1},"f":{"0":3,"1":3},"b":{"0":[2,1],"1":[3,2,2]},"_coverageSchema":"1a1c01bbd47fc00a2c39e90264f33305004495a9","hash":"953be6363c2b94d232bb108fea733d44e6cde758"}
,"D:\\GoIt\\node\\nodejs-homework-rest-api\\helpers\\guard\\index.js": {"path":"D:\\GoIt\\node\\nodejs-homework-rest-api\\helpers\\guard\\index.js","statementMap":{"0":{"start":{"line":1,"column":14},"end":{"line":1,"column":32}},"1":{"start":{"line":3,"column":0},"end":{"line":3,"column":27}}},"fnMap":{},"branchMap":{},"s":{"0":1,"1":1},"f":{},"b":{},"_coverageSchema":"1a1c01bbd47fc00a2c39e90264f33305004495a9","hash":"dc998c3f1d0c9bf4725dc6462be79ea66f7d2063"}
,"D:\\GoIt\\node\\nodejs-homework-rest-api\\helpers\\guard\\passport.config.js": {"path":"D:\\GoIt\\node\\nodejs-homework-rest-api\\helpers\\guard\\passport.config.js","statementMap":{"0":{"start":{"line":1,"column":17},"end":{"line":1,"column":36}},"1":{"start":{"line":2,"column":33},"end":{"line":2,"column":56}},"2":{"start":{"line":3,"column":24},"end":{"line":3,"column":51}},"3":{"start":{"line":5,"column":23},"end":{"line":5,"column":58}},"4":{"start":{"line":7,"column":15},"end":{"line":10,"column":1}},"5":{"start":{"line":11,"column":0},"end":{"line":25,"column":2}},"6":{"start":{"line":13,"column":4},"end":{"line":23,"column":5}},"7":{"start":{"line":14,"column":19},"end":{"line":14,"column":61}},"8":{"start":{"line":16,"column":6},"end":{"line":16,"column":65}},"9":{"start":{"line":16,"column":17},"end":{"line":16,"column":65}},"10":{"start":{"line":18,"column":6},"end":{"line":18,"column":48}},"11":{"start":{"line":18,"column":23},"end":{"line":18,"column":48}},"12":{"start":{"line":20,"column":6},"end":{"line":20,"column":30}},"13":{"start":{"line":22,"column":6},"end":{"line":22,"column":30}}},"fnMap":{"0":{"name":"(anonymous_0)","decl":{"start":{"line":12,"column":23},"end":{"line":12,"column":24}},"loc":{"start":{"line":12,"column":48},"end":{"line":24,"column":3}},"line":12}},"branchMap":{"0":{"loc":{"start":{"line":16,"column":6},"end":{"line":16,"column":65}},"type":"if","locations":[{"start":{"line":16,"column":6},"end":{"line":16,"column":65}},{"start":{},"end":{}}],"line":16},"1":{"loc":{"start":{"line":18,"column":6},"end":{"line":18,"column":48}},"type":"if","locations":[{"start":{"line":18,"column":6},"end":{"line":18,"column":48}},{"start":{},"end":{}}],"line":18}},"s":{"0":1,"1":1,"2":1,"3":1,"4":1,"5":1,"6":0,"7":0,"8":0,"9":0,"10":0,"11":0,"12":0,"13":0},"f":{"0":0},"b":{"0":[0,0],"1":[0,0]},"_coverageSchema":"1a1c01bbd47fc00a2c39e90264f33305004495a9","hash":"2b8fe654207dbb802fc5ddaf7495c6e6863892c9"}
,"D:\\GoIt\\node\\nodejs-homework-rest-api\\model\\contacts.js": {"path":"D:\\GoIt\\node\\nodejs-homework-rest-api\\model\\contacts.js","statementMap":{"0":{"start":{"line":1,"column":39},"end":{"line":1,"column":58}},"1":{"start":{"line":3,"column":25},"end":{"line":3,"column":56}},"2":{"start":{"line":5,"column":22},"end":{"line":38,"column":1}},"3":{"start":{"line":31,"column":8},"end":{"line":31,"column":23}},"4":{"start":{"line":32,"column":8},"end":{"line":32,"column":23}},"5":{"start":{"line":33,"column":8},"end":{"line":33,"column":19}},"6":{"start":{"line":39,"column":0},"end":{"line":39,"column":39}},"7":{"start":{"line":41,"column":21},"end":{"line":41,"column":52}},"8":{"start":{"line":43,"column":0},"end":{"line":43,"column":30}}},"fnMap":{"0":{"name":"(anonymous_0)","decl":{"start":{"line":30,"column":17},"end":{"line":30,"column":18}},"loc":{"start":{"line":30,"column":37},"end":{"line":34,"column":7}},"line":30}},"branchMap":{},"s":{"0":1,"1":1,"2":1,"3":0,"4":0,"5":0,"6":1,"7":1,"8":1},"f":{"0":0},"b":{},"_coverageSchema":"1a1c01bbd47fc00a2c39e90264f33305004495a9","hash":"2d91921c8cee8231d19839970e4e4dbec7b218e3"}
,"D:\\GoIt\\node\\nodejs-homework-rest-api\\model\\user.js": {"path":"D:\\GoIt\\node\\nodejs-homework-rest-api\\model\\user.js","statementMap":{"0":{"start":{"line":1,"column":26},"end":{"line":1,"column":45}},"1":{"start":{"line":2,"column":15},"end":{"line":2,"column":34}},"2":{"start":{"line":3,"column":17},"end":{"line":3,"column":36}},"3":{"start":{"line":5,"column":24},"end":{"line":5,"column":56}},"4":{"start":{"line":7,"column":19},"end":{"line":52,"column":1}},"5":{"start":{"line":34,"column":8},"end":{"line":34,"column":60}},"6":{"start":{"line":43,"column":8},"end":{"line":43,"column":23}},"7":{"start":{"line":44,"column":8},"end":{"line":44,"column":25}},"8":{"start":{"line":45,"column":8},"end":{"line":45,"column":28}},"9":{"start":{"line":46,"column":8},"end":{"line":46,"column":23}},"10":{"start":{"line":47,"column":8},"end":{"line":47,"column":19}},"11":{"start":{"line":54,"column":0},"end":{"line":61,"column":3}},"12":{"start":{"line":55,"column":2},"end":{"line":55,"column":27}},"13":{"start":{"line":56,"column":2},"end":{"line":59,"column":3}},"14":{"start":{"line":57,"column":17},"end":{"line":57,"column":50}},"15":{"start":{"line":58,"column":4},"end":{"line":58,"column":59}},"16":{"start":{"line":60,"column":2},"end":{"line":60,"column":9}},"17":{"start":{"line":63,"column":0},"end":{"line":65,"column":2}},"18":{"start":{"line":64,"column":2},"end":{"line":64,"column":49}},"19":{"start":{"line":67,"column":18},"end":{"line":67,"column":47}},"20":{"start":{"line":69,"column":0},"end":{"line":69,"column":27}}},"fnMap":{"0":{"name":"(anonymous_0)","decl":{"start":{"line":33,"column":15},"end":{"line":33,"column":16}},"loc":{"start":{"line":33,"column":27},"end":{"line":35,"column":7}},"line":33},"1":{"name":"(anonymous_1)","decl":{"start":{"line":42,"column":17},"end":{"line":42,"column":18}},"loc":{"start":{"line":42,"column":37},"end":{"line":48,"column":7}},"line":42},"2":{"name":"(anonymous_2)","decl":{"start":{"line":54,"column":23},"end":{"line":54,"column":24}},"loc":{"start":{"line":54,"column":45},"end":{"line":61,"column":1}},"line":54},"3":{"name":"(anonymous_3)","decl":{"start":{"line":63,"column":37},"end":{"line":63,"column":38}},"loc":{"start":{"line":63,"column":63},"end":{"line":65,"column":1}},"line":63}},"branchMap":{"0":{"loc":{"start":{"line":56,"column":2},"end":{"line":59,"column":3}},"type":"if","locations":[{"start":{"line":56,"column":2},"end":{"line":59,"column":3}},{"start":{},"end":{}}],"line":56}},"s":{"0":1,"1":1,"2":1,"3":1,"4":1,"5":0,"6":0,"7":0,"8":0,"9":0,"10":0,"11":1,"12":0,"13":0,"14":0,"15":0,"16":0,"17":1,"18":0,"19":1,"20":1},"f":{"0":0,"1":0,"2":0,"3":0},"b":{"0":[0,0]},"_coverageSchema":"1a1c01bbd47fc00a2c39e90264f33305004495a9","hash":"ac67405cedebdc2ea354c89001f99681f340e1da"}
,"D:\\GoIt\\node\\nodejs-homework-rest-api\\repository\\databaseApi.js": {"path":"D:\\GoIt\\node\\nodejs-homework-rest-api\\repository\\databaseApi.js","statementMap":{"0":{"start":{"line":1,"column":21},"end":{"line":1,"column":49}},"1":{"start":{"line":2,"column":18},"end":{"line":2,"column":42}},"2":{"start":{"line":6,"column":17},"end":{"line":7,"column":47}},"3":{"start":{"line":7,"column":4},"end":{"line":7,"column":47}},"4":{"start":{"line":8,"column":19},"end":{"line":8,"column":66}},"5":{"start":{"line":8,"column":34},"end":{"line":8,"column":66}},"6":{"start":{"line":10,"column":18},"end":{"line":10,"column":74}},"7":{"start":{"line":10,"column":33},"end":{"line":10,"column":74}},"8":{"start":{"line":12,"column":15},"end":{"line":12,"column":50}},"9":{"start":{"line":12,"column":25},"end":{"line":12,"column":50}},"10":{"start":{"line":14,"column":18},"end":{"line":19,"column":5}},"11":{"start":{"line":15,"column":4},"end":{"line":19,"column":5}},"12":{"start":{"line":21,"column":17},"end":{"line":24,"column":3}},"13":{"start":{"line":22,"column":17},"end":{"line":22,"column":43}},"14":{"start":{"line":23,"column":4},"end":{"line":23,"column":29}},"15":{"start":{"line":25,"column":17},"end":{"line":25,"column":47}},"16":{"start":{"line":25,"column":25},"end":{"line":25,"column":47}},"17":{"start":{"line":26,"column":20},"end":{"line":26,"column":59}},"18":{"start":{"line":26,"column":31},"end":{"line":26,"column":59}},"19":{"start":{"line":27,"column":16},"end":{"line":28,"column":61}},"20":{"start":{"line":28,"column":4},"end":{"line":28,"column":61}},"21":{"start":{"line":29,"column":20},"end":{"line":30,"column":68}},"22":{"start":{"line":30,"column":4},"end":{"line":30,"column":68}},"23":{"start":{"line":31,"column":17},"end":{"line":32,"column":65}},"24":{"start":{"line":32,"column":4},"end":{"line":32,"column":65}},"25":{"start":{"line":35,"column":0},"end":{"line":35,"column":35}}},"fnMap":{"0":{"name":"(anonymous_0)","decl":{"start":{"line":6,"column":17},"end":{"line":6,"column":18}},"loc":{"start":{"line":7,"column":4},"end":{"line":7,"column":47}},"line":7},"1":{"name":"(anonymous_1)","decl":{"start":{"line":8,"column":19},"end":{"line":8,"column":20}},"loc":{"start":{"line":8,"column":34},"end":{"line":8,"column":66}},"line":8},"2":{"name":"(anonymous_2)","decl":{"start":{"line":10,"column":18},"end":{"line":10,"column":19}},"loc":{"start":{"line":10,"column":33},"end":{"line":10,"column":74}},"line":10},"3":{"name":"(anonymous_3)","decl":{"start":{"line":12,"column":15},"end":{"line":12,"column":16}},"loc":{"start":{"line":12,"column":25},"end":{"line":12,"column":50}},"line":12},"4":{"name":"(anonymous_4)","decl":{"start":{"line":14,"column":18},"end":{"line":14,"column":19}},"loc":{"start":{"line":15,"column":4},"end":{"line":19,"column":5}},"line":15},"5":{"name":"(anonymous_5)","decl":{"start":{"line":21,"column":17},"end":{"line":21,"column":18}},"loc":{"start":{"line":21,"column":40},"end":{"line":24,"column":3}},"line":21},"6":{"name":"(anonymous_6)","decl":{"start":{"line":25,"column":17},"end":{"line":25,"column":18}},"loc":{"start":{"line":25,"column":25},"end":{"line":25,"column":47}},"line":25},"7":{"name":"(anonymous_7)","decl":{"start":{"line":26,"column":20},"end":{"line":26,"column":21}},"loc":{"start":{"line":26,"column":31},"end":{"line":26,"column":59}},"line":26},"8":{"name":"(anonymous_8)","decl":{"start":{"line":27,"column":16},"end":{"line":27,"column":17}},"loc":{"start":{"line":28,"column":4},"end":{"line":28,"column":61}},"line":28},"9":{"name":"(anonymous_9)","decl":{"start":{"line":29,"column":20},"end":{"line":29,"column":21}},"loc":{"start":{"line":30,"column":4},"end":{"line":30,"column":68}},"line":30},"10":{"name":"(anonymous_10)","decl":{"start":{"line":31,"column":17},"end":{"line":31,"column":18}},"loc":{"start":{"line":32,"column":4},"end":{"line":32,"column":65}},"line":32}},"branchMap":{},"s":{"0":1,"1":1,"2":1,"3":0,"4":1,"5":0,"6":1,"7":0,"8":1,"9":0,"10":1,"11":0,"12":1,"13":0,"14":0,"15":1,"16":0,"17":1,"18":0,"19":1,"20":0,"21":1,"22":0,"23":1,"24":0,"25":1},"f":{"0":0,"1":0,"2":0,"3":0,"4":0,"5":0,"6":0,"7":0,"8":0,"9":0,"10":0},"b":{},"_coverageSchema":"1a1c01bbd47fc00a2c39e90264f33305004495a9","hash":"a3e0bfbc95de550ce1a924b7233cd083cb0f2b70"}
,"D:\\GoIt\\node\\nodejs-homework-rest-api\\repository\\index.js": {"path":"D:\\GoIt\\node\\nodejs-homework-rest-api\\repository\\index.js","statementMap":{"0":{"start":{"line":1,"column":20},"end":{"line":1,"column":44}},"1":{"start":{"line":3,"column":0},"end":{"line":3,"column":33}}},"fnMap":{},"branchMap":{},"s":{"0":1,"1":1},"f":{},"b":{},"_coverageSchema":"1a1c01bbd47fc00a2c39e90264f33305004495a9","hash":"f5726e8ef67ebc4a17444dac86e4c3929b5e9d99"}
}
